{"level":"info","message":"application url = http://www.jetblue.com/#/","timestamp":"2016-12-21T19:38:04.466Z"}
{"level":"info","message":"Browser opened successfully","timestamp":"2016-12-21T19:38:04.469Z"}
{"level":"info","message":"User entered credentials successfully","timestamp":"2016-12-21T19:38:04.473Z"}
{"level":"info","message":"first log message","timestamp":"2016-12-21T19:38:04.476Z"}
{"level":"info","message":"application url = http://www.jetblue.com/#/","timestamp":"2016-12-21T19:39:37.410Z"}
{"level":"info","message":"Browser opened successfully","timestamp":"2016-12-21T19:39:37.430Z"}
{"level":"info","message":"User entered credentials successfully","timestamp":"2016-12-21T19:39:37.433Z"}
{"level":"info","message":"first log message","timestamp":"2016-12-21T19:39:37.442Z"}
{"level":"info","message":"application url = http://www.jetblue.com/#/","timestamp":"2016-12-21T20:13:48.272Z"}
{"level":"info","message":"Browser opened successfully","timestamp":"2016-12-21T20:13:48.272Z"}
{"level":"info","message":"User entered credentials successfully","timestamp":"2016-12-21T20:13:48.272Z"}
{"level":"info","message":"first log message","timestamp":"2016-12-21T20:13:48.272Z"}
{"level":"info","message":"application url = http://www.jetblue.com/#/","timestamp":"2016-12-21T20:15:33.265Z"}
{"level":"info","message":"Browser opened successfully","timestamp":"2016-12-21T20:15:33.265Z"}
{"level":"info","message":"User entered credentials successfully","timestamp":"2016-12-21T20:15:33.280Z"}
{"level":"info","message":"first log message","timestamp":"2016-12-21T20:15:33.280Z"}
{"level":"info","message":"application url = http://www.jetblue.com/#/","timestamp":"2016-12-21T20:16:54.819Z"}
{"level":"info","message":"Browser opened successfully","timestamp":"2016-12-21T20:16:54.819Z"}
{"level":"info","message":"User entered credentials successfully","timestamp":"2016-12-21T20:16:54.835Z"}
{"level":"info","message":"first log message","timestamp":"2016-12-21T20:16:54.835Z"}
{"level":"info","message":"application url = http://www.jetblue.com/#/","timestamp":"2016-12-21T20:18:43.286Z"}
{"level":"info","message":"Browser opened successfully","timestamp":"2016-12-21T20:18:43.286Z"}
{"level":"info","message":"User entered credentials successfully","timestamp":"2016-12-21T20:18:43.286Z"}
{"level":"info","message":"first log message","timestamp":"2016-12-21T20:18:43.302Z"}
{"level":"info","message":"application url = http://www.jetblue.com/#/","timestamp":"2016-12-21T20:23:17.189Z"}
{"level":"info","message":"Browser opened successfully","timestamp":"2016-12-21T20:23:17.189Z"}
{"level":"info","message":"User entered credentials successfully","timestamp":"2016-12-21T20:23:17.189Z"}
{"level":"info","message":"application url = http://www.jetblue.com/#/","timestamp":"2016-12-21T20:24:00.086Z"}
{"level":"info","message":"Browser opened successfully","timestamp":"2016-12-21T20:24:00.086Z"}
{"level":"info","message":"User entered credentials successfully","timestamp":"2016-12-21T20:24:00.086Z"}
{"level":"info","message":"totalPrice[object Object]","timestamp":"2016-12-21T20:24:00.101Z"}
{"level":"info","message":"first log message","timestamp":"2016-12-21T20:24:00.101Z"}
{"level":"info","message":"application url = http://www.jetblue.com/#/","timestamp":"2016-12-21T20:25:32.325Z"}
{"level":"info","message":"Browser opened successfully","timestamp":"2016-12-21T20:25:32.325Z"}
{"level":"info","message":"User entered credentials successfully","timestamp":"2016-12-21T20:25:32.342Z"}
{"level":"info","message":"totalPrice[object Object]","timestamp":"2016-12-21T20:25:32.349Z"}
{"level":"info","message":"first log message","timestamp":"2016-12-21T20:25:32.349Z"}
{"level":"info","message":"application url = http://www.jetblue.com/#/","timestamp":"2016-12-21T20:27:17.485Z"}
{"level":"info","message":"Browser opened successfully","timestamp":"2016-12-21T20:27:17.485Z"}
{"level":"info","message":"User entered credentials successfully","timestamp":"2016-12-21T20:27:17.485Z"}
{"level":"info","message":"totalPrice[object Object]","timestamp":"2016-12-21T20:27:17.501Z"}
{"level":"info","message":"first log message","timestamp":"2016-12-21T20:27:17.501Z"}
{"level":"info","message":"application url = http://www.jetblue.com/#/","timestamp":"2016-12-21T20:28:20.648Z"}
{"level":"info","message":"Browser opened successfully","timestamp":"2016-12-21T20:28:20.648Z"}
{"level":"info","message":"User entered credentials successfully","timestamp":"2016-12-21T20:28:20.648Z"}
{"level":"info","message":"first log message","timestamp":"2016-12-21T20:28:20.648Z"}
{"level":"info","message":"application url = http://www.jetblue.com/#/","timestamp":"2016-12-21T20:31:21.661Z"}
{"level":"info","message":"Browser opened successfully","timestamp":"2016-12-21T20:31:21.661Z"}
{"level":"info","message":"User entered credentials successfully","timestamp":"2016-12-21T20:31:21.661Z"}
{"level":"info","message":"first log message","timestamp":"2016-12-21T20:31:21.661Z"}
{"level":"info","message":"application url = http://www.jetblue.com/#/","timestamp":"2016-12-21T20:33:24.584Z"}
{"level":"info","message":"Browser opened successfully","timestamp":"2016-12-21T20:33:24.646Z"}
{"level":"info","message":"User entered credentials successfully","timestamp":"2016-12-21T20:33:24.646Z"}
{"level":"info","message":"totalPrice[object Object]","timestamp":"2016-12-21T20:33:24.662Z"}
{"level":"info","message":"first log message","timestamp":"2016-12-21T20:33:24.662Z"}
{"level":"info","message":"application url = http://www.jetblue.com/#/","timestamp":"2016-12-21T20:39:28.617Z"}
{"level":"info","message":"Browser opened successfully","timestamp":"2016-12-21T20:39:28.617Z"}
{"level":"info","message":"User entered credentials successfully","timestamp":"2016-12-21T20:39:28.633Z"}
{"level":"info","message":"first log message","timestamp":"2016-12-21T20:39:28.633Z"}
{"level":"info","message":"application url = http://www.jetblue.com/#/","timestamp":"2016-12-21T20:43:47.851Z"}
{"level":"info","message":"Browser opened successfully","timestamp":"2016-12-21T20:43:47.851Z"}
{"level":"info","message":"User entered credentials successfully","timestamp":"2016-12-21T20:43:47.851Z"}
{"level":"info","message":"first log message","timestamp":"2016-12-21T20:43:47.851Z"}
{"level":"info","message":"application url = http://www.jetblue.com/#/","timestamp":"2016-12-21T20:44:38.417Z"}
{"level":"info","message":"Browser opened successfully","timestamp":"2016-12-21T20:44:38.417Z"}
{"level":"info","message":"User entered credentials successfully","timestamp":"2016-12-21T20:44:38.417Z"}
{"level":"info","message":"first log message","timestamp":"2016-12-21T20:44:38.417Z"}
{"level":"info","message":"application url = http://www.jetblue.com/#/","timestamp":"2016-12-21T20:46:16.917Z"}
{"level":"info","message":"Browser opened successfully","timestamp":"2016-12-21T20:46:16.917Z"}
{"level":"info","message":"User entered credentials successfully","timestamp":"2016-12-21T20:46:16.917Z"}
{"level":"info","message":"first log message","timestamp":"2016-12-21T20:46:16.917Z"}
{"level":"info","message":"application url = http://www.jetblue.com/#/","timestamp":"2016-12-21T20:47:10.967Z"}
{"level":"info","message":"Browser opened successfully","timestamp":"2016-12-21T20:47:10.969Z"}
{"level":"info","message":"User entered credentials successfully","timestamp":"2016-12-21T20:47:10.972Z"}
{"level":"info","message":"first log message","timestamp":"2016-12-21T20:47:10.974Z"}
{"level":"info","message":"application url = http://www.jetblue.com/#/","timestamp":"2016-12-21T20:48:12.938Z"}
{"level":"info","message":"Browser opened successfully","timestamp":"2016-12-21T20:48:12.940Z"}
{"level":"info","message":"User entered credentials successfully","timestamp":"2016-12-21T20:48:12.945Z"}
{"level":"info","message":"first log message","timestamp":"2016-12-21T20:48:12.948Z"}
{"level":"info","message":"application url = http://www.jetblue.com/#/","timestamp":"2016-12-21T20:49:20.468Z"}
{"level":"info","message":"Browser opened successfully","timestamp":"2016-12-21T20:49:20.468Z"}
{"level":"info","message":"User entered credentials successfully","timestamp":"2016-12-21T20:49:20.468Z"}
{"level":"info","message":"totalPrice[object Object]","timestamp":"2016-12-21T20:49:20.484Z"}
{"level":"info","message":"first log message","timestamp":"2016-12-21T20:49:20.484Z"}
{"level":"info","message":"application url = http://www.jetblue.com/#/","timestamp":"2016-12-21T21:04:06.353Z"}
{"level":"info","message":"Browser opened successfully","timestamp":"2016-12-21T21:04:06.356Z"}
{"level":"info","message":"User entered credentials successfully","timestamp":"2016-12-21T21:04:06.361Z"}
{"level":"info","message":"totalPrice[object Object]","timestamp":"2016-12-21T21:04:06.372Z"}
{"level":"info","message":"first log message","timestamp":"2016-12-21T21:04:06.373Z"}
{"level":"info","message":"application url = http://www.jetblue.com/#/","timestamp":"2016-12-21T21:05:30.334Z"}
{"level":"info","message":"Browser opened successfully","timestamp":"2016-12-21T21:05:30.336Z"}
{"level":"info","message":"User entered credentials successfully","timestamp":"2016-12-21T21:05:30.338Z"}
{"level":"info","message":"totalPrice[object Object]","timestamp":"2016-12-21T21:05:30.347Z"}
{"level":"info","message":"first log message","timestamp":"2016-12-21T21:05:30.347Z"}
{"level":"info","message":"application url = http://www.jetblue.com/#/","timestamp":"2016-12-21T21:13:49.919Z"}
{"level":"info","message":"Browser opened successfully","timestamp":"2016-12-21T21:13:49.920Z"}
{"level":"info","message":"User entered credentials successfully","timestamp":"2016-12-21T21:13:49.922Z"}
{"level":"info","message":"totalPrice[object Object]","timestamp":"2016-12-21T21:13:49.928Z"}
{"level":"info","message":"first log message","timestamp":"2016-12-21T21:13:49.928Z"}
{"level":"info","message":"application url = http://www.jetblue.com/#/","timestamp":"2016-12-21T21:15:23.834Z"}
{"level":"info","message":"Browser opened successfully","timestamp":"2016-12-21T21:15:23.835Z"}
{"level":"info","message":"User entered credentials successfully","timestamp":"2016-12-21T21:15:23.837Z"}
{"level":"info","message":"totalPrice[object Object]","timestamp":"2016-12-21T21:15:23.843Z"}
{"level":"info","message":"first log message","timestamp":"2016-12-21T21:15:23.844Z"}
{"level":"info","message":"application url = http://www.jetblue.com/#/","timestamp":"2016-12-21T21:17:12.698Z"}
{"level":"info","message":"Browser opened successfully","timestamp":"2016-12-21T21:17:12.699Z"}
{"level":"info","message":"User entered credentials successfully","timestamp":"2016-12-21T21:17:12.701Z"}
{"level":"info","message":"application url = http://www.jetblue.com/#/","timestamp":"2016-12-21T21:17:44.368Z"}
{"level":"info","message":"Browser opened successfully","timestamp":"2016-12-21T21:17:44.368Z"}
{"level":"info","message":"User entered credentials successfully","timestamp":"2016-12-21T21:17:44.371Z"}
{"level":"info","message":"first log message","timestamp":"2016-12-21T21:17:44.373Z"}
{"level":"info","message":"application url = http://www.jetblue.com/#/","timestamp":"2016-12-21T21:19:27.344Z"}
{"level":"info","message":"Browser opened successfully","timestamp":"2016-12-21T21:19:27.345Z"}
{"level":"info","message":"User entered credentials successfully","timestamp":"2016-12-21T21:19:27.347Z"}
{"level":"info","message":"first log message","timestamp":"2016-12-21T21:19:27.349Z"}
{"level":"info","message":"application url = http://www.jetblue.com/#/","timestamp":"2016-12-21T21:25:32.759Z"}
{"level":"info","message":"Browser opened successfully","timestamp":"2016-12-21T21:25:32.760Z"}
{"level":"info","message":"User entered credentials successfully","timestamp":"2016-12-21T21:25:32.762Z"}
{"level":"info","message":"first log message","timestamp":"2016-12-21T21:25:32.764Z"}
{"level":"info","message":"application url = http://www.jetblue.com/#/","timestamp":"2016-12-21T21:27:19.100Z"}
{"level":"info","message":"Browser opened successfully","timestamp":"2016-12-21T21:27:19.101Z"}
{"level":"info","message":"User entered credentials successfully","timestamp":"2016-12-21T21:27:19.103Z"}
{"level":"info","message":"first log message","timestamp":"2016-12-21T21:27:19.105Z"}
